This is pdfTeX, Version 3.14159265-2.6-1.40.21 (MiKTeX 21.1) (preloaded format=latex 2021.2.15)  26 FEB 2021 15:15
entering extended mode
**\makeatletter\def\HCode{\futurelet\HCode\HChar}\def\HChar{\ifx\HCode\def\HCod
e##1{\Link##1}\expandafter\HCode\else\expandafter\Link\fi}\def\Link#1.a.b.c.{\g
@addto@macro\@documentclasshook{\RequirePackage[#1,html]{tex4ht}}\let\HCode\doc
umentstyle\def\documentstyle{\let\documentstyle\HCode\expandafter\def\csname te
x4ht\endcsname{#1,html}\def\HCode####1{\documentstyle[tex4ht,}\@ifnextchar[{\HC
ode}{\documentstyle[tex4ht]}}}\makeatother\HCode enhanced.cfg,,charset=utf-8,ht
ml5.a.b.c.\input \detokenize{tensores.tex} > nul 2>&1
(tensores.tex
("C:\Users\Victor Muntean\AppData\Local\Programs\MiKTeX 2.9\tex/latex/base\arti
cle.cls"
Document Class: article 2020/04/10 v1.4m Standard LaTeX document class

("C:\Users\Victor Muntean\AppData\Local\Programs\MiKTeX 2.9\tex/latex/base\size
11.clo"
File: size11.clo 2020/04/10 v1.4m Standard LaTeX file (size option)
)
\c@part=\count177
\c@section=\count178
\c@subsection=\count179
\c@subsubsection=\count180
\c@paragraph=\count181
\c@subparagraph=\count182
\c@figure=\count183
\c@table=\count184
\abovecaptionskip=\skip47
\belowcaptionskip=\skip48
\bibindent=\dimen138
)
("C:\Users\Victor Muntean\AppData\Local\Programs\MiKTeX 2.9\tex/generic/tex4ht\
tex4ht.sty"
version 2021-01-02-13:53
Package: tex4ht 
--------------------------------------
--- Note --- for _ at preamble, use the command line option `early_'
--------------------------------------
--------------------------------------
--- Note --- for ^ at preamble, use the command line option `early^'
--------------------------------------
\tmp:toks=\toks15
)
("C:\Users\Victor Muntean\AppData\Local\Programs\MiKTeX 2.9\tex/generic/tex4ht\
usepackage.4ht"
version 2021-02-07-14:58
)
("C:\Users\Victor Muntean\AppData\Local\Programs\MiKTeX 2.9\tex/latex/base\inpu
tenc.sty"
Package: inputenc 2020/08/01 v1.3d Input encoding file
\inpenc@prehook=\toks16
\inpenc@posthook=\toks17

("C:\Users\Victor Muntean\AppData\Local\Programs\MiKTeX 2.9\tex/latex/base\lati
n1.def"
File: latin1.def 2020/08/01 v1.3d Input encoding file
))
("C:\Users\Victor Muntean\AppData\Local\Programs\MiKTeX 2.9\tex/generic/babel\b
abel.sty"
Package: babel 2021/01/26 3.53 The Babel package

("C:\Users\Victor Muntean\AppData\Local\Programs\MiKTeX 2.9\tex/generic/babel\b
abel.def"
File: babel.def 2021/01/26 3.53 Babel common definitions
\babel@savecnt=\count185
\U@D=\dimen139
\l@babelnohyphens=\language83

("C:\Users\Victor Muntean\AppData\Local\Programs\MiKTeX 2.9\tex/generic/babel\t
xtbabel.def")
\bbl@readstream=\read2
)
\bbl@dirlevel=\count186
*************************************
* Local config file bblopts.cfg used
*

("C:\Users\Victor Muntean\AppData\Local\Programs\MiKTeX 2.9\tex/latex/arabi\bbl
opts.cfg"
File: bblopts.cfg 2005/09/08 v0.1 add Arabic and Farsi to "declared" options of
 babel
)
("C:\Users\Victor Muntean\AppData\Local\Programs\MiKTeX 2.9\tex/latex/babel-spa
nish\spanish.ldf"
Language: spanish.ldf 2016/03/03 v5.0p Spanish support from the babel system
\es@quottoks=\toks18
\es@quotdepth=\count187
Package babel Info: Making " an active character on input line 561.
Package babel Info: Making . an active character on input line 662.
Package babel Info: Making < an active character on input line 707.
Package babel Info: Making > an active character on input line 707.
))
("C:\Users\Victor Muntean\AppData\Local\Programs\MiKTeX 2.9\tex/latex/amsmath\a
msmath.sty"
Package: amsmath 2020/09/23 v2.17i AMS math features
\@mathmargin=\skip49
For additional information on amsmath, use the `?' option.

("C:\Users\Victor Muntean\AppData\Local\Programs\MiKTeX 2.9\tex/latex/amsmath\a
mstext.sty"
Package: amstext 2000/06/29 v2.01 AMS text

("C:\Users\Victor Muntean\AppData\Local\Programs\MiKTeX 2.9\tex/latex/amsmath\a
msgen.sty"
File: amsgen.sty 1999/11/30 v2.0 generic functions
\@emptytoks=\toks19
\ex@=\dimen140
))
("C:\Users\Victor Muntean\AppData\Local\Programs\MiKTeX 2.9\tex/latex/amsmath\a
msbsy.sty"
Package: amsbsy 1999/11/29 v1.2d Bold Symbols
\pmbraise@=\dimen141
)
("C:\Users\Victor Muntean\AppData\Local\Programs\MiKTeX 2.9\tex/latex/amsmath\a
msopn.sty"
Package: amsopn 2016/03/08 v2.02 operator names
)
\inf@bad=\count188
LaTeX Info: Redefining \frac on input line 234.
\uproot@=\count189
\leftroot@=\count190
LaTeX Info: Redefining \overline on input line 399.
\classnum@=\count191
\DOTSCASE@=\count192
LaTeX Info: Redefining \ldots on input line 496.
LaTeX Info: Redefining \dots on input line 499.
LaTeX Info: Redefining \cdots on input line 620.
\Mathstrutbox@=\box47
\strutbox@=\box48
\big@size=\dimen142
LaTeX Font Info:    Redeclaring font encoding OML on input line 743.
LaTeX Font Info:    Redeclaring font encoding OMS on input line 744.
\macc@depth=\count193
\c@MaxMatrixCols=\count194
\dotsspace@=\muskip16
\c@parentequation=\count195
\dspbrk@lvl=\count196
\tag@help=\toks20
\row@=\count197
\column@=\count198
\maxfields@=\count199
\andhelp@=\toks21
\eqnshift@=\dimen143
\alignsep@=\dimen144
\tagshift@=\dimen145
\tagwidth@=\dimen146
\totwidth@=\dimen147
\lineht@=\dimen148
\@envbody=\toks22
\multlinegap=\skip50
\multlinetaggap=\skip51
\mathdisplay@stack=\toks23
LaTeX Info: Redefining \[ on input line 2923.
LaTeX Info: Redefining \] on input line 2924.
)
("C:\Users\Victor Muntean\AppData\Local\Programs\MiKTeX 2.9\tex/latex/amsfonts\
amsfonts.sty"
Package: amsfonts 2013/01/14 v3.01 Basic AMSFonts support
\symAMSa=\mathgroup4
\symAMSb=\mathgroup5
LaTeX Font Info:    Redeclaring math symbol \hbar on input line 98.
LaTeX Font Info:    Overwriting math alphabet `\mathfrak' in version `bold'
(Font)                  U/euf/m/n --> U/euf/b/n on input line 106.
)
("C:\Users\Victor Muntean\AppData\Local\Programs\MiKTeX 2.9\tex/latex/amsfonts\
amssymb.sty"
Package: amssymb 2013/01/14 v3.01 AMS font symbols
)
("C:\Users\Victor Muntean\AppData\Local\Programs\MiKTeX 2.9\tex/latex/graphics\
graphicx.sty"
Package: graphicx 2020/09/09 v1.2b Enhanced LaTeX Graphics (DPC,SPQR)

("C:\Users\Victor Muntean\AppData\Local\Programs\MiKTeX 2.9\tex/latex/graphics\
keyval.sty"
Package: keyval 2014/10/28 v1.15 key=value parser (DPC)
\KV@toks@=\toks24
)
("C:\Users\Victor Muntean\AppData\Local\Programs\MiKTeX 2.9\tex/generic/tex4ht\
graphics-hooks.4ht"
version 2020-10-17-13:53
)
("C:\Users\Victor Muntean\AppData\Local\Programs\MiKTeX 2.9\tex/latex/graphics\
graphics.sty"
Package: graphics 2020/08/30 v1.4c Standard LaTeX Graphics (DPC,SPQR)

("C:\Users\Victor Muntean\AppData\Local\Programs\MiKTeX 2.9\tex/latex/graphics\
trig.sty"
Package: trig 2016/01/03 v1.10 sin cos tan (DPC)
)
("C:\Users\Victor Muntean\AppData\Local\Programs\MiKTeX 2.9\tex/latex/graphics-
cfg\graphics.cfg"
File: graphics.cfg 2016/06/04 v1.11 sample graphics configuration
)
Package graphics Info: Driver file: dvips.def on input line 105.

("C:\Users\Victor Muntean\AppData\Local\Programs\MiKTeX 2.9\tex/latex/graphics-
def\dvips.def"
File: dvips.def 2017/06/20 v3.1d Graphics/color driver for dvips
))
\Gin@req@height=\dimen149
\Gin@req@width=\dimen150
) (enhanced.cfg (mem4hack.sty

! LaTeX Error: Command \@memb@bchap undefined in `enhanced.cfg'.

See the LaTeX manual or LaTeX Companion for explanation.
Type  H <return>  for immediate help.
 ...                                              
                                                  
l.1 \renewcommand\@memb@bchap
                             {\chapter*{\bibname}\bibmark\prebibhook}
Try typing  <return>  to proceed.
If that doesn't work, type  X <return>  to quit.

) (tools.sty)
("C:\Users\Victor Muntean\AppData\Local\Programs\MiKTeX 2.9\tex/generic/tex4ht\
tex4ht.4ht"
version 2020-03-12-14:03
--------------------------------------
--- Note --- for additional information, use the command line option `info'
--------------------------------------
::::::::::::::::::::::::::::::::::::::::::
 TeX4ht info is available in the log file 
::::::::::::::::::::::::::::::::::::::::::
)
("C:\Users\Victor Muntean\AppData\Local\Programs\MiKTeX 2.9\tex/generic/tex4ht\
tex4ht.sty"
version 2021-01-02-13:53
--- needs --- tex4ht tensores ---
\tmp:cnt=\count266
\openout15 = `tensores.tmp'.

(tensores.tmp)
\tmp:dim=\skip52
(tensores.xref)
\:refout=\write3
\openout3 = `tensores.xref'.


("C:\Users\Victor Muntean\AppData\Local\Programs\MiKTeX 2.9\tex/generic/tex4ht\
html4.4ht"
version 2021-02-14-13:56
--------------------------------------
--- Note --- to remove the <?xml version=...?> processing instruction use the c
ommand line option `no-VERSION'
--------------------------------------
--------------------------------------
--- Note --- to remove the DOCTYPE declaration use the command line option `no-
DOCTYPE'
--------------------------------------
)
("C:\Users\Victor Muntean\AppData\Local\Programs\MiKTeX 2.9\tex/generic/tex4ht\
unicode.4ht"
version 2021-02-06-14:21
)
("C:\Users\Victor Muntean\AppData\Local\Programs\MiKTeX 2.9\tex/generic/tex4ht\
mathml.4ht"
version 2021-02-06-14:21
)
("C:\Users\Victor Muntean\AppData\Local\Programs\MiKTeX 2.9\tex/generic/tex4ht\
html-mml.4ht"
version 2021-02-06-14:21
)
("C:\Users\Victor Muntean\AppData\Local\Programs\MiKTeX 2.9\tex/generic/tex4ht\
html5.4ht"
version 2021-02-14-13:56
)
--------------------------------------
--- Note --- for marking of the base font, use the command line option `fonts+'

--------------------------------------
--------------------------------------
--- Note --- for non active _, use the command line option `no_'
--------------------------------------
--------------------------------------
--- Note --- for _ of catcode 13, use the command line option `_13'
--------------------------------------
--------------------------------------
--- Note --- for non active ^, use the command line option `no^'
--------------------------------------
--------------------------------------
--- Note --- for ^ of catcode 13, use the command line option `^13'
--------------------------------------

("C:\Users\Victor Muntean\AppData\Local\Programs\MiKTeX 2.9\tex/generic/tex4ht\
html4.4ht"
version 2021-02-14-13:56
--------------------------------------
--- Note --- For section filenames that reflect on their titles use the command
 line option `sec-filename'
--------------------------------------
--------------------------------------
--- Note --- to ignore CSS font decoration, use the `NoFonts' command line opti
on
--------------------------------------
--------------------------------------
--- Note --- for jpg bitmaps of pictures, use the `jpg' command line option. (C
haracter bitmaps are controled only by `g' records of tex4ht.env and `-g' switc
hes of tex4ht.c) 
--------------------------------------
--------------------------------------
--- Note --- for gif bitmaps of pictures, use the `gif' command line option. (C
haracter bitmaps are controled only by `g' records of tex4ht.env and `-g' switc
hes of tex4ht.c) 
--------------------------------------
--------------------------------------
--- Note --- for content and toc in 2 frames, use the command line option `fram
es'
--------------------------------------
--------------------------------------
--- Note --- for content, toc, and footnotes in 3 frames, use the command line 
option `frames-fn'
--------------------------------------
--------------------------------------
--- Note --- for file extension name xht, use the command line option `xht'
--------------------------------------
TeX4ht package options: charset=utf-8,html5,html,xhtml,2,mathml
--------------------------------------
--- Note --- To print a timestamp, use the command line option timestamp
--------------------------------------
--------------------------------------
--- Note --- to ignore CSS code, use the command line option `-css
--------------------------------------
--------------------------------------
--- Note --- for inline CSS code, use the command line option `css-in'
--------------------------------------
--------------------------------------
--- Note --- for pop ups on mouse over, use the command line option `mouseover'

--------------------------------------
--------------------------------------
--- Note --- for addressing images in a subdirectory, use the command line opti
on `imgdir:.../'
--------------------------------------
)
("C:\Users\Victor Muntean\AppData\Local\Programs\MiKTeX 2.9\tex/generic/tex4ht\
unicode.4ht"
version 2021-02-06-14:21
)
("C:\Users\Victor Muntean\AppData\Local\Programs\MiKTeX 2.9\tex/generic/tex4ht\
mathml.4ht"
version 2021-02-06-14:21
)
("C:\Users\Victor Muntean\AppData\Local\Programs\MiKTeX 2.9\tex/generic/tex4ht\
html-mml.4ht"
version 2021-02-06-14:21
)
("C:\Users\Victor Muntean\AppData\Local\Programs\MiKTeX 2.9\tex/generic/tex4ht\
html5.4ht"
version 2021-02-14-13:56
--------------------------------------
--- Note --- To print a timestamp, use the command line option timestamp
--------------------------------------
)
\:tokwrite=\toks25
\:tokpage=\toks26
--------------------------------------
--- Note --- for back links to toc, use the command line option `sections+'
--------------------------------------
--------------------------------------
--- Note --- for linear crosslinks of pages, use the command line option `next'

--------------------------------------
\openout15 = `tensores.4ct'.

\:tocout=\write4
\openout4 = `tensores.4tc'.


("C:\Users\Victor Muntean\AppData\Local\Programs\MiKTeX 2.9\tex/generic/tex4ht\
html4.4ht"
version 2021-02-14-13:56
)
("C:\Users\Victor Muntean\AppData\Local\Programs\MiKTeX 2.9\tex/generic/tex4ht\
unicode.4ht"
version 2021-02-06-14:21
)
("C:\Users\Victor Muntean\AppData\Local\Programs\MiKTeX 2.9\tex/generic/tex4ht\
mathml.4ht"
version 2021-02-06-14:21
)
("C:\Users\Victor Muntean\AppData\Local\Programs\MiKTeX 2.9\tex/generic/tex4ht\
html-mml.4ht"
version 2021-02-06-14:21
)
("C:\Users\Victor Muntean\AppData\Local\Programs\MiKTeX 2.9\tex/generic/tex4ht\
html5.4ht"
version 2021-02-14-13:56
)
("C:\Users\Victor Muntean\AppData\Local\Programs\MiKTeX 2.9\tex/generic/tex4ht\
latex.4ht"
version 2021-02-06-14:21
LaTeX Info: Redefining \_ on input line 173.
LaTeX Info: Redefining \, on input line 791.
LaTeX Info: Redefining \; on input line 792.
LaTeX Info: Redefining \! on input line 793.
LaTeX Info: Redefining \: on input line 794.
LaTeX Info: Redefining \> on input line 795.
--------------------------------------
--- Note --- for links into captions, instead of float heads, use the command l
ine option `refcaption'
--------------------------------------

("C:\Users\Victor Muntean\AppData\Local\Programs\MiKTeX 2.9\tex/generic/tex4ht\
html4.4ht"
version 2021-02-14-13:56
)
("C:\Users\Victor Muntean\AppData\Local\Programs\MiKTeX 2.9\tex/generic/tex4ht\
unicode.4ht"
version 2021-02-06-14:21
)
("C:\Users\Victor Muntean\AppData\Local\Programs\MiKTeX 2.9\tex/generic/tex4ht\
mathml.4ht"
version 2021-02-06-14:21
)
("C:\Users\Victor Muntean\AppData\Local\Programs\MiKTeX 2.9\tex/generic/tex4ht\
html-mml.4ht"
version 2021-02-06-14:21
)
("C:\Users\Victor Muntean\AppData\Local\Programs\MiKTeX 2.9\tex/generic/tex4ht\
html5.4ht"
version 2021-02-14-13:56
)
("C:\Users\Victor Muntean\AppData\Local\Programs\MiKTeX 2.9\tex/generic/tex4ht\
html4.4ht"
version 2021-02-14-13:56
--------------------------------------
--- Note --- For mini tocs immediately aftter the header use the command line o
ption `minitoc<'
--------------------------------------
--------------------------------------
--- Note --- for enumerated list elements with valued data, use the command lin
e option `enumerate+'
--------------------------------------
--------------------------------------
--- Note --- for enumerated list elements li's with value attributes, use the c
ommand line option `enumerate-'
--------------------------------------
--------------------------------------
--- Note --- for CSS2 code, use the command line option `css2'
--------------------------------------
--------------------------------------
--- Note --- for pictorial tabular, use the command line option `pic-tabular'
--------------------------------------
--------------------------------------
--- Note --- for bitmap fbox'es, use the command line option `pic-fbox'
--------------------------------------
--------------------------------------
--- Note --- for bitmap framebox'es, use the command line option `pic-framebox'

--------------------------------------
--------------------------------------
--- Note --- for inline footnotes use command line option `fn-in'
--------------------------------------
--------------------------------------
--- Note --- for tracing of latex font commands, use the command line option `f
onts'
--------------------------------------
--------------------------------------
--- Note --- for width specifications of tabular p entries, use the `p-width' c
ommand line option or a configuration similar to \Configure{HColWidth}{\HCode{ 
style="width:\HColWidth"}}
--------------------------------------
)
("C:\Users\Victor Muntean\AppData\Local\Programs\MiKTeX 2.9\tex/generic/tex4ht\
unicode.4ht"
version 2021-02-06-14:21
)
("C:\Users\Victor Muntean\AppData\Local\Programs\MiKTeX 2.9\tex/generic/tex4ht\
mathml.4ht"
version 2021-02-06-14:21
)
("C:\Users\Victor Muntean\AppData\Local\Programs\MiKTeX 2.9\tex/generic/tex4ht\
html-mml.4ht"
version 2021-02-06-14:21
)
("C:\Users\Victor Muntean\AppData\Local\Programs\MiKTeX 2.9\tex/generic/tex4ht\
html5.4ht"
version 2021-02-14-13:56
))
("C:\Users\Victor Muntean\AppData\Local\Programs\MiKTeX 2.9\tex/generic/tex4ht\
fontmath.4ht"
version 2018-11-06-15:55

("C:\Users\Victor Muntean\AppData\Local\Programs\MiKTeX 2.9\tex/generic/tex4ht\
html4.4ht"
version 2021-02-14-13:56
)
("C:\Users\Victor Muntean\AppData\Local\Programs\MiKTeX 2.9\tex/generic/tex4ht\
unicode.4ht"
version 2021-02-06-14:21
)
("C:\Users\Victor Muntean\AppData\Local\Programs\MiKTeX 2.9\tex/generic/tex4ht\
mathml.4ht"
version 2021-02-06-14:21
\tmp:bx=\box49
[1

]
LaTeX Font Info:    Trying to load font information for U+msa on input line 140
3.

("C:\Users\Victor Muntean\AppData\Local\Programs\MiKTeX 2.9\tex/latex/amsfonts\
umsa.fd"
File: umsa.fd 2013/01/14 v3.01 AMS symbols A
)
LaTeX Font Info:    Trying to load font information for U+msb on input line 140
3.

("C:\Users\Victor Muntean\AppData\Local\Programs\MiKTeX 2.9\tex/latex/amsfonts\
umsb.fd"
File: umsb.fd 2013/01/14 v3.01 AMS symbols B
) [2] [3] [4] [5] [6] [7] [8] [9] [10] [11] [12] [13] [14] [15] [16] [17] [18] 
[19] [20] [21] [22] [23] [24] [25] [26] [27] [28] [29] [30] [31] [32] [33] [34]
[35] [36] [37] [38] [39] [40] [41] [42] [43] [44] [45] [46] [47] [48] [49] [50]
[51] [52] [53])
("C:\Users\Victor Muntean\AppData\Local\Programs\MiKTeX 2.9\tex/generic/tex4ht\
html-mml.4ht"
version 2021-02-06-14:21
)
("C:\Users\Victor Muntean\AppData\Local\Programs\MiKTeX 2.9\tex/generic/tex4ht\
html5.4ht"
version 2021-02-14-13:56
))
("C:\Users\Victor Muntean\AppData\Local\Programs\MiKTeX 2.9\tex/generic/tex4ht\
article.4ht"
("C:\Users\Victor Muntean\AppData\Local\Programs\MiKTeX 2.9\tex/generic/tex4ht\
html4.4ht"
version 2021-02-14-13:56
--------------------------------------
--- Note --- for tocs without * entries, use command line option `notoc*'
--------------------------------------
--------------------------------------
--- Note --- for tocs without * entries, use command line option `notoc*'
--------------------------------------
--------------------------------------
--- Note --- to eliminate mini tables of contents, use the command line option 
`nominitoc'
--------------------------------------
--------------------------------------
--- Note --- for frames-like object-based table of contents, use the command li
ne option `obj-toc'
--------------------------------------
--------------------------------------
--- Note --- for files named derived from section titles, use the command line 
option `sec-filename'
--------------------------------------
--------------------------------------
--- Note --- for i-columns index, use the command line option `index=i' (e.g., 
index=2)
--------------------------------------
)
("C:\Users\Victor Muntean\AppData\Local\Programs\MiKTeX 2.9\tex/generic/tex4ht\
unicode.4ht"
version 2021-02-06-14:21
)
("C:\Users\Victor Muntean\AppData\Local\Programs\MiKTeX 2.9\tex/generic/tex4ht\
mathml.4ht"
version 2021-02-06-14:21
)
("C:\Users\Victor Muntean\AppData\Local\Programs\MiKTeX 2.9\tex/generic/tex4ht\
html-mml.4ht"
version 2021-02-06-14:21
)
("C:\Users\Victor Muntean\AppData\Local\Programs\MiKTeX 2.9\tex/generic/tex4ht\
html5.4ht"
version 2021-02-14-13:56
))
("C:\Users\Victor Muntean\AppData\Local\Programs\MiKTeX 2.9\tex/generic/tex4ht\
inputenc.4ht"
version 2009-05-21-09:32

("C:\Users\Victor Muntean\AppData\Local\Programs\MiKTeX 2.9\tex/generic/tex4ht\
html4.4ht"
version 2021-02-14-13:56
)
("C:\Users\Victor Muntean\AppData\Local\Programs\MiKTeX 2.9\tex/generic/tex4ht\
unicode.4ht"
version 2021-02-06-14:21
)
("C:\Users\Victor Muntean\AppData\Local\Programs\MiKTeX 2.9\tex/generic/tex4ht\
mathml.4ht"
version 2021-02-06-14:21
)
("C:\Users\Victor Muntean\AppData\Local\Programs\MiKTeX 2.9\tex/generic/tex4ht\
html-mml.4ht"
version 2021-02-06-14:21
)
("C:\Users\Victor Muntean\AppData\Local\Programs\MiKTeX 2.9\tex/generic/tex4ht\
html5.4ht"
version 2021-02-14-13:56
))
("C:\Users\Victor Muntean\AppData\Local\Programs\MiKTeX 2.9\tex/generic/tex4ht\
latin1.4ht"
version 2009-05-21-09:32

("C:\Users\Victor Muntean\AppData\Local\Programs\MiKTeX 2.9\tex/generic/tex4ht\
html4.4ht"
version 2021-02-14-13:56
)
("C:\Users\Victor Muntean\AppData\Local\Programs\MiKTeX 2.9\tex/generic/tex4ht\
unicode.4ht"
version 2021-02-06-14:21
)
("C:\Users\Victor Muntean\AppData\Local\Programs\MiKTeX 2.9\tex/generic/tex4ht\
mathml.4ht"
version 2021-02-06-14:21
)
("C:\Users\Victor Muntean\AppData\Local\Programs\MiKTeX 2.9\tex/generic/tex4ht\
html-mml.4ht"
version 2021-02-06-14:21
)
("C:\Users\Victor Muntean\AppData\Local\Programs\MiKTeX 2.9\tex/generic/tex4ht\
html5.4ht"
version 2021-02-14-13:56
))
("C:\Users\Victor Muntean\AppData\Local\Programs\MiKTeX 2.9\tex/generic/tex4ht\
babel.4ht"
("C:\Users\Victor Muntean\AppData\Local\Programs\MiKTeX 2.9\tex/generic/tex4ht\
html4.4ht"
version 2021-02-14-13:56
)
("C:\Users\Victor Muntean\AppData\Local\Programs\MiKTeX 2.9\tex/generic/tex4ht\
unicode.4ht"
version 2021-02-06-14:21
)
("C:\Users\Victor Muntean\AppData\Local\Programs\MiKTeX 2.9\tex/generic/tex4ht\
mathml.4ht"
version 2021-02-06-14:21
)
("C:\Users\Victor Muntean\AppData\Local\Programs\MiKTeX 2.9\tex/generic/tex4ht\
html-mml.4ht"
version 2021-02-06-14:21
)
("C:\Users\Victor Muntean\AppData\Local\Programs\MiKTeX 2.9\tex/generic/tex4ht\
html5.4ht"
version 2021-02-14-13:56
))
("C:\Users\Victor Muntean\AppData\Local\Programs\MiKTeX 2.9\tex/generic/tex4ht\
spanish.4ht"
version 2015-02-17-15:57

("C:\Users\Victor Muntean\AppData\Local\Programs\MiKTeX 2.9\tex/generic/tex4ht\
html4.4ht"
version 2021-02-14-13:56
)
("C:\Users\Victor Muntean\AppData\Local\Programs\MiKTeX 2.9\tex/generic/tex4ht\
unicode.4ht"
version 2021-02-06-14:21
)
("C:\Users\Victor Muntean\AppData\Local\Programs\MiKTeX 2.9\tex/generic/tex4ht\
mathml.4ht"
version 2021-02-06-14:21
)
("C:\Users\Victor Muntean\AppData\Local\Programs\MiKTeX 2.9\tex/generic/tex4ht\
html-mml.4ht"
version 2021-02-06-14:21
)
("C:\Users\Victor Muntean\AppData\Local\Programs\MiKTeX 2.9\tex/generic/tex4ht\
html5.4ht"
version 2021-02-14-13:56
))
("C:\Users\Victor Muntean\AppData\Local\Programs\MiKTeX 2.9\tex/generic/tex4ht\
amsmath.4ht"
version 2019-12-29-14:17
\tmp:muskip=\muskip17

("C:\Users\Victor Muntean\AppData\Local\Programs\MiKTeX 2.9\tex/generic/tex4ht\
html4.4ht"
version 2021-02-14-13:56
)
("C:\Users\Victor Muntean\AppData\Local\Programs\MiKTeX 2.9\tex/generic/tex4ht\
unicode.4ht"
version 2021-02-06-14:21
)
("C:\Users\Victor Muntean\AppData\Local\Programs\MiKTeX 2.9\tex/generic/tex4ht\
mathml.4ht"
version 2021-02-06-14:21
)
("C:\Users\Victor Muntean\AppData\Local\Programs\MiKTeX 2.9\tex/generic/tex4ht\
html-mml.4ht"
version 2021-02-06-14:21
)
("C:\Users\Victor Muntean\AppData\Local\Programs\MiKTeX 2.9\tex/generic/tex4ht\
html5.4ht"
version 2021-02-14-13:56
))
("C:\Users\Victor Muntean\AppData\Local\Programs\MiKTeX 2.9\tex/generic/tex4ht\
amstext.4ht"
version 2009-05-21-09:32

("C:\Users\Victor Muntean\AppData\Local\Programs\MiKTeX 2.9\tex/generic/tex4ht\
html4.4ht"
version 2021-02-14-13:56
)
("C:\Users\Victor Muntean\AppData\Local\Programs\MiKTeX 2.9\tex/generic/tex4ht\
unicode.4ht"
version 2021-02-06-14:21
)
("C:\Users\Victor Muntean\AppData\Local\Programs\MiKTeX 2.9\tex/generic/tex4ht\
mathml.4ht"
version 2021-02-06-14:21
)
("C:\Users\Victor Muntean\AppData\Local\Programs\MiKTeX 2.9\tex/generic/tex4ht\
html-mml.4ht"
version 2021-02-06-14:21
)
("C:\Users\Victor Muntean\AppData\Local\Programs\MiKTeX 2.9\tex/generic/tex4ht\
html5.4ht"
version 2021-02-14-13:56
))
("C:\Users\Victor Muntean\AppData\Local\Programs\MiKTeX 2.9\tex/generic/tex4ht\
amsbsy.4ht"
version 2009-05-21-09:32

("C:\Users\Victor Muntean\AppData\Local\Programs\MiKTeX 2.9\tex/generic/tex4ht\
html4.4ht"
version 2021-02-14-13:56
)
("C:\Users\Victor Muntean\AppData\Local\Programs\MiKTeX 2.9\tex/generic/tex4ht\
unicode.4ht"
version 2021-02-06-14:21
)
("C:\Users\Victor Muntean\AppData\Local\Programs\MiKTeX 2.9\tex/generic/tex4ht\
mathml.4ht"
version 2021-02-06-14:21
)
("C:\Users\Victor Muntean\AppData\Local\Programs\MiKTeX 2.9\tex/generic/tex4ht\
html-mml.4ht"
version 2021-02-06-14:21
)
("C:\Users\Victor Muntean\AppData\Local\Programs\MiKTeX 2.9\tex/generic/tex4ht\
html5.4ht"
version 2021-02-14-13:56
))
("C:\Users\Victor Muntean\AppData\Local\Programs\MiKTeX 2.9\tex/generic/tex4ht\
amsopn.4ht"
version 2009-05-21-09:32

("C:\Users\Victor Muntean\AppData\Local\Programs\MiKTeX 2.9\tex/generic/tex4ht\
html4.4ht"
version 2021-02-14-13:56
)
("C:\Users\Victor Muntean\AppData\Local\Programs\MiKTeX 2.9\tex/generic/tex4ht\
unicode.4ht"
version 2021-02-06-14:21
)
("C:\Users\Victor Muntean\AppData\Local\Programs\MiKTeX 2.9\tex/generic/tex4ht\
mathml.4ht"
version 2021-02-06-14:21
)
("C:\Users\Victor Muntean\AppData\Local\Programs\MiKTeX 2.9\tex/generic/tex4ht\
html-mml.4ht"
version 2021-02-06-14:21
)
("C:\Users\Victor Muntean\AppData\Local\Programs\MiKTeX 2.9\tex/generic/tex4ht\
html5.4ht"
version 2021-02-14-13:56
))
("C:\Users\Victor Muntean\AppData\Local\Programs\MiKTeX 2.9\tex/generic/tex4ht\
amsfonts.4ht"
version 2009-05-21-09:32

("C:\Users\Victor Muntean\AppData\Local\Programs\MiKTeX 2.9\tex/generic/tex4ht\
html4.4ht"
version 2021-02-14-13:56
)
("C:\Users\Victor Muntean\AppData\Local\Programs\MiKTeX 2.9\tex/generic/tex4ht\
unicode.4ht"
version 2021-02-06-14:21
)
("C:\Users\Victor Muntean\AppData\Local\Programs\MiKTeX 2.9\tex/generic/tex4ht\
mathml.4ht"
version 2021-02-06-14:21
)
("C:\Users\Victor Muntean\AppData\Local\Programs\MiKTeX 2.9\tex/generic/tex4ht\
html-mml.4ht"
version 2021-02-06-14:21
)
("C:\Users\Victor Muntean\AppData\Local\Programs\MiKTeX 2.9\tex/generic/tex4ht\
html5.4ht"
version 2021-02-14-13:56
))
("C:\Users\Victor Muntean\AppData\Local\Programs\MiKTeX 2.9\tex/generic/tex4ht\
amssymb.4ht"
version 2009-05-21-09:32

("C:\Users\Victor Muntean\AppData\Local\Programs\MiKTeX 2.9\tex/generic/tex4ht\
html4.4ht"
version 2021-02-14-13:56
)
("C:\Users\Victor Muntean\AppData\Local\Programs\MiKTeX 2.9\tex/generic/tex4ht\
unicode.4ht"
version 2021-02-06-14:21
)
("C:\Users\Victor Muntean\AppData\Local\Programs\MiKTeX 2.9\tex/generic/tex4ht\
mathml.4ht"
version 2021-02-06-14:21
[54] [55] [56] [57] [58] [59] [60] [61] [62] [63] [64] [65] [66] [67] [68] [69]
[70] [71] [72] [73] [74] [75] [76] [77] [78] [79] [80] [81] [82] [83] [84] [85]
[86] [87] [88] [89] [90] [91] [92] [93] [94] [95] [96] [97] [98] [99] [100] [10
1] [102] [103] [104] [105] [106] [107] [108] [109] [110] [111] [112] [113] [114
] [115] [116] [117] [118] [119] [120] [121] [122] [123] [124] [125] [126] [127]
[128] [129] [130] [131] [132] [133] [134] [135] [136] [137] [138] [139] [140] [
141] [142] [143] [144] [145] [146] [147] [148] [149] [150] [151] [152] [153] [1
54] [155] [156] [157] [158] [159] [160] [161] [162] [163] [164] [165] [166] [16
7] [168] [169] [170] [171] [172] [173] [174] [175] [176] [177] [178] [179] [180
] [181] [182] [183] [184] [185] [186] [187] [188] [189] [190] [191] [192] [193]
[194] [195] [196] [197] [198] [199] [200] [201] [202] [203] [204] [205] [206] [
207] [208] [209] [210] [211] [212] [213] [214] [215] [216] [217] [218] [219] [2
20] [221] [222] [223] [224] [225] [226] [227] [228] [229] [230] [231] [232] [23
3] [234] [235] [236] [237] [238] [239] [240] [241] [242] [243] [244] [245] [246
] [247] [248] [249] [250] [251] [252] [253] [254] [255] [256] [257])
("C:\Users\Victor Muntean\AppData\Local\Programs\MiKTeX 2.9\tex/generic/tex4ht\
html-mml.4ht"
version 2021-02-06-14:21
)
("C:\Users\Victor Muntean\AppData\Local\Programs\MiKTeX 2.9\tex/generic/tex4ht\
html5.4ht"
version 2021-02-14-13:56
))
("C:\Users\Victor Muntean\AppData\Local\Programs\MiKTeX 2.9\tex/generic/tex4ht\
graphicx.4ht"
version 2018-10-01-14:24

("C:\Users\Victor Muntean\AppData\Local\Programs\MiKTeX 2.9\tex/generic/tex4ht\
html4.4ht"
version 2021-02-14-13:56
)
("C:\Users\Victor Muntean\AppData\Local\Programs\MiKTeX 2.9\tex/generic/tex4ht\
unicode.4ht"
version 2021-02-06-14:21
)
("C:\Users\Victor Muntean\AppData\Local\Programs\MiKTeX 2.9\tex/generic/tex4ht\
mathml.4ht"
version 2021-02-06-14:21
)
("C:\Users\Victor Muntean\AppData\Local\Programs\MiKTeX 2.9\tex/generic/tex4ht\
html-mml.4ht"
version 2021-02-06-14:21
)
("C:\Users\Victor Muntean\AppData\Local\Programs\MiKTeX 2.9\tex/generic/tex4ht\
html5.4ht"
version 2021-02-14-13:56
))
("C:\Users\Victor Muntean\AppData\Local\Programs\MiKTeX 2.9\tex/generic/tex4ht\
graphics.4ht"
("C:\Users\Victor Muntean\AppData\Local\Programs\MiKTeX 2.9\tex/generic/tex4ht\
html4.4ht"
version 2021-02-14-13:56
--------------------------------------
--- Note --- if included graphics are of degraded quality, try the command line
 options `graphics-num' or `graphics-'. The `num' should provide the density of
 pixels in the bitmaps (e.g., 110). 
--------------------------------------
--------------------------------------
--- Note --- for key dimensions try the option `Gin-dim'; for key dimensions wh
en bounding box is unavailable try `Gin-dim+'; neither is recommended
--------------------------------------
)
("C:\Users\Victor Muntean\AppData\Local\Programs\MiKTeX 2.9\tex/generic/tex4ht\
unicode.4ht"
version 2021-02-06-14:21
)
("C:\Users\Victor Muntean\AppData\Local\Programs\MiKTeX 2.9\tex/generic/tex4ht\
mathml.4ht"
version 2021-02-06-14:21
)
("C:\Users\Victor Muntean\AppData\Local\Programs\MiKTeX 2.9\tex/generic/tex4ht\
html-mml.4ht"
version 2021-02-06-14:21
)
("C:\Users\Victor Muntean\AppData\Local\Programs\MiKTeX 2.9\tex/generic/tex4ht\
html5.4ht"
version 2021-02-14-13:56
))
("C:\Users\Victor Muntean\AppData\Local\Programs\MiKTeX 2.9\tex/generic/tex4ht\
dvips.4ht"
version 2009-05-21-09:32

("C:\Users\Victor Muntean\AppData\Local\Programs\MiKTeX 2.9\tex/generic/tex4ht\
html4.4ht"
version 2021-02-14-13:56
)
("C:\Users\Victor Muntean\AppData\Local\Programs\MiKTeX 2.9\tex/generic/tex4ht\
unicode.4ht"
version 2021-02-06-14:21
)
("C:\Users\Victor Muntean\AppData\Local\Programs\MiKTeX 2.9\tex/generic/tex4ht\
mathml.4ht"
version 2021-02-06-14:21
)
("C:\Users\Victor Muntean\AppData\Local\Programs\MiKTeX 2.9\tex/generic/tex4ht\
html-mml.4ht"
version 2021-02-06-14:21
)
("C:\Users\Victor Muntean\AppData\Local\Programs\MiKTeX 2.9\tex/generic/tex4ht\
html5.4ht"
version 2021-02-14-13:56
))
("C:\Users\Victor Muntean\AppData\Local\Programs\MiKTeX 2.9\tex/generic/tex4ht\
html4.4ht"
version 2021-02-14-13:56
)
("C:\Users\Victor Muntean\AppData\Local\Programs\MiKTeX 2.9\tex/generic/tex4ht\
unicode.4ht"
version 2021-02-06-14:21
)
("C:\Users\Victor Muntean\AppData\Local\Programs\MiKTeX 2.9\tex/generic/tex4ht\
mathml.4ht"
version 2021-02-06-14:21
)
("C:\Users\Victor Muntean\AppData\Local\Programs\MiKTeX 2.9\tex/generic/tex4ht\
html-mml.4ht"
version 2021-02-06-14:21
)
("C:\Users\Victor Muntean\AppData\Local\Programs\MiKTeX 2.9\tex/generic/tex4ht\
html5.4ht"
version 2021-02-14-13:56
))
("C:\Users\Victor Muntean\AppData\Local\Programs\MiKTeX 2.9\tex/latex/l3backend
\l3backend-dvips.def"
File: l3backend-dvips.def 2021-02-06 L3 backend support: dvips

LaTeX Warning: First page is already shipped out, ignoring
               \AtBeginDvi on input line 61.

\l__pdf_internal_box=\box50
\g__pdf_backend_object_int=\count267
\l__pdf_backend_content_box=\box51
\l__pdf_backend_model_box=\box52
\g__pdf_backend_annotation_int=\count268
\g__pdf_backend_link_int=\count269
\g__pdf_backend_link_sf_int=\count270
)

LaTeX Warning: Unused global option(s):
    [openright].

(tensores.aux
LaTeX Info: Redefining \. on input line 9.
LaTeX Info: Redefining \% on input line 9.
! Argument of \:temp has an extra }.
<inserted text> 
                \par 
l.9 \babel@aux{spanish}{}
                         
I've run across a `}' that doesn't seem to match anything.
For example, `\def\a#1{...}' and `\a}' would produce
this error. If you simply proceed now, the `\par' that
I've just inserted will cause me to report a runaway
argument that might be the root of the problem. But if
your `}' was spurious, just type `2' and it will go away.

Runaway argument?
\:nolimits 
! Paragraph ended before \:temp was complete.
<to be read again> 
                   \par 
l.9 \babel@aux{spanish}{}
                         
I suspect you've forgotten a `}', causing me to apply this
control sequence to too much text. How can we recover?
My plan is to forget the whole thing and hope for the best.

! Argument of \:temp has an extra }.
<inserted text> 
                \par 
l.9 \babel@aux{spanish}{}
                         
I've run across a `}' that doesn't seem to match anything.
For example, `\def\a#1{...}' and `\a}' would produce
this error. If you simply proceed now, the `\par' that
I've just inserted will cause me to report a runaway
argument that might be the root of the problem. But if
your `}' was spurious, just type `2' and it will go away.

Runaway argument?
\:nolimits 
! Paragraph ended before \:temp was complete.
<to be read again> 
                   \par 
l.9 \babel@aux{spanish}{}
                         
I suspect you've forgotten a `}', causing me to apply this
control sequence to too much text. How can we recover?
My plan is to forget the whole thing and hope for the best.

! Argument of \:temp has an extra }.
<inserted text> 
                \par 
l.9 \babel@aux{spanish}{}
                         
I've run across a `}' that doesn't seem to match anything.
For example, `\def\a#1{...}' and `\a}' would produce
this error. If you simply proceed now, the `\par' that
I've just inserted will cause me to report a runaway
argument that might be the root of the problem. But if
your `}' was spurious, just type `2' and it will go away.

Runaway argument?
\:nolimits 
! Paragraph ended before \:temp was complete.
<to be read again> 
                   \par 
l.9 \babel@aux{spanish}{}
                         
I suspect you've forgotten a `}', causing me to apply this
control sequence to too much text. How can we recover?
My plan is to forget the whole thing and hope for the best.

! Argument of \:temp has an extra }.
<inserted text> 
                \par 
l.9 \babel@aux{spanish}{}
                         
I've run across a `}' that doesn't seem to match anything.
For example, `\def\a#1{...}' and `\a}' would produce
this error. If you simply proceed now, the `\par' that
I've just inserted will cause me to report a runaway
argument that might be the root of the problem. But if
your `}' was spurious, just type `2' and it will go away.

Runaway argument?
\:nolimits 
! Paragraph ended before \:temp was complete.
<to be read again> 
                   \par 
l.9 \babel@aux{spanish}{}
                         
I suspect you've forgotten a `}', causing me to apply this
control sequence to too much text. How can we recover?
My plan is to forget the whole thing and hope for the best.

! Argument of \:temp has an extra }.
<inserted text> 
                \par 
l.9 \babel@aux{spanish}{}
                         
I've run across a `}' that doesn't seem to match anything.
For example, `\def\a#1{...}' and `\a}' would produce
this error. If you simply proceed now, the `\par' that
I've just inserted will cause me to report a runaway
argument that might be the root of the problem. But if
your `}' was spurious, just type `2' and it will go away.

Runaway argument?
\:nolimits 
! Paragraph ended before \:temp was complete.
<to be read again> 
                   \par 
l.9 \babel@aux{spanish}{}
                         
I suspect you've forgotten a `}', causing me to apply this
control sequence to too much text. How can we recover?
My plan is to forget the whole thing and hope for the best.

! Argument of \:temp has an extra }.
<inserted text> 
                \par 
l.9 \babel@aux{spanish}{}
                         
I've run across a `}' that doesn't seem to match anything.
For example, `\def\a#1{...}' and `\a}' would produce
this error. If you simply proceed now, the `\par' that
I've just inserted will cause me to report a runaway
argument that might be the root of the problem. But if
your `}' was spurious, just type `2' and it will go away.

Runaway argument?
\:nolimits 
! Paragraph ended before \:temp was complete.
<to be read again> 
                   \par 
l.9 \babel@aux{spanish}{}
                         
I suspect you've forgotten a `}', causing me to apply this
control sequence to too much text. How can we recover?
My plan is to forget the whole thing and hope for the best.

! Argument of \:temp has an extra }.
<inserted text> 
                \par 
l.9 \babel@aux{spanish}{}
                         
I've run across a `}' that doesn't seem to match anything.
For example, `\def\a#1{...}' and `\a}' would produce
this error. If you simply proceed now, the `\par' that
I've just inserted will cause me to report a runaway
argument that might be the root of the problem. But if
your `}' was spurious, just type `2' and it will go away.

Runaway argument?
\:nolimits 
! Paragraph ended before \:temp was complete.
<to be read again> 
                   \par 
l.9 \babel@aux{spanish}{}
                         
I suspect you've forgotten a `}', causing me to apply this
control sequence to too much text. How can we recover?
My plan is to forget the whole thing and hope for the best.

! Argument of \:temp has an extra }.
<inserted text> 
                \par 
l.9 \babel@aux{spanish}{}
                         
I've run across a `}' that doesn't seem to match anything.
For example, `\def\a#1{...}' and `\a}' would produce
this error. If you simply proceed now, the `\par' that
I've just inserted will cause me to report a runaway
argument that might be the root of the problem. But if
your `}' was spurious, just type `2' and it will go away.

Runaway argument?
\:nolimits 
! Paragraph ended before \:temp was complete.
<to be read again> 
                   \par 
l.9 \babel@aux{spanish}{}
                         
I suspect you've forgotten a `}', causing me to apply this
control sequence to too much text. How can we recover?
My plan is to forget the whole thing and hope for the best.

! Argument of \:temp has an extra }.
<inserted text> 
                \par 
l.9 \babel@aux{spanish}{}
                         
I've run across a `}' that doesn't seem to match anything.
For example, `\def\a#1{...}' and `\a}' would produce
this error. If you simply proceed now, the `\par' that
I've just inserted will cause me to report a runaway
argument that might be the root of the problem. But if
your `}' was spurious, just type `2' and it will go away.

Runaway argument?
\:nolimits 
! Paragraph ended before \:temp was complete.
<to be read again> 
                   \par 
l.9 \babel@aux{spanish}{}
                         
I suspect you've forgotten a `}', causing me to apply this
control sequence to too much text. How can we recover?
My plan is to forget the whole thing and hope for the best.

)
\openout1 = `tensores.aux'.

LaTeX Font Info:    Checking defaults for OML/cmm/m/it on input line 39.
LaTeX Font Info:    ... okay on input line 39.
LaTeX Font Info:    Checking defaults for OMS/cmsy/m/n on input line 39.
LaTeX Font Info:    ... okay on input line 39.
LaTeX Font Info:    Checking defaults for OT1/cmr/m/n on input line 39.
LaTeX Font Info:    ... okay on input line 39.
LaTeX Font Info:    Checking defaults for T1/cmr/m/n on input line 39.
LaTeX Font Info:    ... okay on input line 39.
LaTeX Font Info:    Checking defaults for TS1/cmr/m/n on input line 39.
LaTeX Font Info:    ... okay on input line 39.
LaTeX Font Info:    Checking defaults for OMX/cmex/m/n on input line 39.
LaTeX Font Info:    ... okay on input line 39.
LaTeX Font Info:    Checking defaults for U/cmr/m/n on input line 39.
LaTeX Font Info:    ... okay on input line 39.
LaTeX Info: Redefining \. on input line 39.
LaTeX Info: Redefining \% on input line 39.
! Argument of \:temp has an extra }.
<inserted text> 
                \par 
l.39 \begin{document}
                     
I've run across a `}' that doesn't seem to match anything.
For example, `\def\a#1{...}' and `\a}' would produce
this error. If you simply proceed now, the `\par' that
I've just inserted will cause me to report a runaway
argument that might be the root of the problem. But if
your `}' was spurious, just type `2' and it will go away.

Runaway argument?
\:nolimits 
! Paragraph ended before \:temp was complete.
<to be read again> 
                   \par 
l.39 \begin{document}
                     
I suspect you've forgotten a `}', causing me to apply this
control sequence to too much text. How can we recover?
My plan is to forget the whole thing and hope for the best.

! Argument of \:temp has an extra }.
<inserted text> 
                \par 
l.39 \begin{document}
                     
I've run across a `}' that doesn't seem to match anything.
For example, `\def\a#1{...}' and `\a}' would produce
this error. If you simply proceed now, the `\par' that
I've just inserted will cause me to report a runaway
argument that might be the root of the problem. But if
your `}' was spurious, just type `2' and it will go away.

Runaway argument?
\:nolimits 
! Paragraph ended before \:temp was complete.
<to be read again> 
                   \par 
l.39 \begin{document}
                     
I suspect you've forgotten a `}', causing me to apply this
control sequence to too much text. How can we recover?
My plan is to forget the whole thing and hope for the best.

! Argument of \:temp has an extra }.
<inserted text> 
                \par 
l.39 \begin{document}
                     
I've run across a `}' that doesn't seem to match anything.
For example, `\def\a#1{...}' and `\a}' would produce
this error. If you simply proceed now, the `\par' that
I've just inserted will cause me to report a runaway
argument that might be the root of the problem. But if
your `}' was spurious, just type `2' and it will go away.

Runaway argument?
\:nolimits 
! Paragraph ended before \:temp was complete.
<to be read again> 
                   \par 
l.39 \begin{document}
                     
I suspect you've forgotten a `}', causing me to apply this
control sequence to too much text. How can we recover?
My plan is to forget the whole thing and hope for the best.

! Argument of \:temp has an extra }.
<inserted text> 
                \par 
l.39 \begin{document}
                     
I've run across a `}' that doesn't seem to match anything.
For example, `\def\a#1{...}' and `\a}' would produce
this error. If you simply proceed now, the `\par' that
I've just inserted will cause me to report a runaway
argument that might be the root of the problem. But if
your `}' was spurious, just type `2' and it will go away.

Runaway argument?
\:nolimits 
! Paragraph ended before \:temp was complete.
<to be read again> 
                   \par 
l.39 \begin{document}
                     
I suspect you've forgotten a `}', causing me to apply this
control sequence to too much text. How can we recover?
My plan is to forget the whole thing and hope for the best.

! Argument of \:temp has an extra }.
<inserted text> 
                \par 
l.39 \begin{document}
                     
I've run across a `}' that doesn't seem to match anything.
For example, `\def\a#1{...}' and `\a}' would produce
this error. If you simply proceed now, the `\par' that
I've just inserted will cause me to report a runaway
argument that might be the root of the problem. But if
your `}' was spurious, just type `2' and it will go away.

Runaway argument?
\:nolimits 
! Paragraph ended before \:temp was complete.
<to be read again> 
                   \par 
l.39 \begin{document}
                     
I suspect you've forgotten a `}', causing me to apply this
control sequence to too much text. How can we recover?
My plan is to forget the whole thing and hope for the best.

! Argument of \:temp has an extra }.
<inserted text> 
                \par 
l.39 \begin{document}
                     
I've run across a `}' that doesn't seem to match anything.
For example, `\def\a#1{...}' and `\a}' would produce
this error. If you simply proceed now, the `\par' that
I've just inserted will cause me to report a runaway
argument that might be the root of the problem. But if
your `}' was spurious, just type `2' and it will go away.

Runaway argument?
\:nolimits 
! Paragraph ended before \:temp was complete.
<to be read again> 
                   \par 
l.39 \begin{document}
                     
I suspect you've forgotten a `}', causing me to apply this
control sequence to too much text. How can we recover?
My plan is to forget the whole thing and hope for the best.

! Argument of \:temp has an extra }.
<inserted text> 
                \par 
l.39 \begin{document}
                     
I've run across a `}' that doesn't seem to match anything.
For example, `\def\a#1{...}' and `\a}' would produce
this error. If you simply proceed now, the `\par' that
I've just inserted will cause me to report a runaway
argument that might be the root of the problem. But if
your `}' was spurious, just type `2' and it will go away.

Runaway argument?
\:nolimits 
! Paragraph ended before \:temp was complete.
<to be read again> 
                   \par 
l.39 \begin{document}
                     
I suspect you've forgotten a `}', causing me to apply this
control sequence to too much text. How can we recover?
My plan is to forget the whole thing and hope for the best.

! Argument of \:temp has an extra }.
<inserted text> 
                \par 
l.39 \begin{document}
                     
I've run across a `}' that doesn't seem to match anything.
For example, `\def\a#1{...}' and `\a}' would produce
this error. If you simply proceed now, the `\par' that
I've just inserted will cause me to report a runaway
argument that might be the root of the problem. But if
your `}' was spurious, just type `2' and it will go away.

Runaway argument?
\:nolimits 
! Paragraph ended before \:temp was complete.
<to be read again> 
                   \par 
l.39 \begin{document}
                     
I suspect you've forgotten a `}', causing me to apply this
control sequence to too much text. How can we recover?
My plan is to forget the whole thing and hope for the best.

! Argument of \:temp has an extra }.
<inserted text> 
                \par 
l.39 \begin{document}
                     
I've run across a `}' that doesn't seem to match anything.
For example, `\def\a#1{...}' and `\a}' would produce
this error. If you simply proceed now, the `\par' that
I've just inserted will cause me to report a runaway
argument that might be the root of the problem. But if
your `}' was spurious, just type `2' and it will go away.

Runaway argument?
\:nolimits 
! Paragraph ended before \:temp was complete.
<to be read again> 
                   \par 
l.39 \begin{document}
                     
I suspect you've forgotten a `}', causing me to apply this
control sequence to too much text. How can we recover?
My plan is to forget the whole thing and hope for the best.


LaTeX Warning: First page is already shipped out, ignoring
               \AtBeginDvi on input line 39.

--- file tensores.css ---
) (tensores.4ct)
--- file tensoresli1.html ---
Missing character: There is no ó in font cmr10!
Missing character: There is no á in font cmr10!
[1] [2] [3] [4] [5

] (tensores.aux
LaTeX Info: Redefining \. on input line 9.
LaTeX Info: Redefining \% on input line 9.
) ) 
Here is how much of TeX's memory you used:
 8190 strings out of 479583
 116441 string characters out of 2857092
 533838 words of memory out of 3000000
 25079 multiletter control sequences out of 15000+200000
 411967 words of font info for 58 fonts, out of 3000000 for 9000
 1141 hyphenation exceptions out of 8191
 73i,9n,93p,928b,464s stack positions out of 5000i,500n,10000p,200000b,50000s

Output written on tensores.dvi (262 pages, 98884 bytes).
